<?xml version="1.0" encoding="UTF-8"?>
<testng-results ignored="0" total="1" passed="1" failed="0" skipped="0">
  <reporter-output>
  </reporter-output>
  <suite started-at="2023-05-26T11:09:03 IST" name="Suite" finished-at="2023-05-26T11:09:30 IST" duration-ms="26712">
    <groups>
    </groups>
    <test started-at="2023-05-26T11:09:03 IST" name="Test" finished-at="2023-05-26T11:09:30 IST" duration-ms="26712">
      <class name="class_sel.DragAndDrop">
        <test-method signature="cookie()[pri:0, instance:class_sel.DragAndDrop@2c767a52]" started-at="2023-05-26T11:09:03 IST" name="cookie" finished-at="2023-05-26T11:09:30 IST" duration-ms="26688" status="PASS">
          <reporter-output>
          </reporter-output>
        </test-method> <!-- cookie -->
      </class> <!-- class_sel.DragAndDrop -->
    </test> <!-- Test -->
  </suite> <!-- Suite -->
</testng-results>
